c:\users\adity\onedrive - bharatividyapeeth\backup\c++\render engine\rendervisualiser\debug\vc143.pdb
c:\users\adity\onedrive - bharatividyapeeth\backup\c++\render engine\rendervisualiser\debug\vc143.idb
c:\users\adity\onedrive - bharatividyapeeth\backup\c++\render engine\rendervisualiser\debug\glad.obj
c:\users\adity\onedrive - bharatividyapeeth\backup\c++\render engine\rendervisualiser\debug\tiny_obj_loader.obj
c:\users\adity\onedrive - bharatividyapeeth\backup\c++\render engine\rendervisualiser\debug\main.obj
c:\users\adity\onedrive - bharatividyapeeth\backup\c++\render-pipeline-visualiser\rendervisualiser\debug\vc143.pdb
c:\users\adity\onedrive - bharatividyapeeth\backup\c++\render-pipeline-visualiser\rendervisualiser\debug\vc143.idb
c:\users\adity\onedrive - bharatividyapeeth\backup\c++\render-pipeline-visualiser\rendervisualiser\debug\glad.obj
c:\users\adity\onedrive - bharatividyapeeth\backup\c++\render-pipeline-visualiser\rendervisualiser\debug\main.obj
c:\users\adity\onedrive - bharatividyapeeth\backup\c++\render-pipeline-visualiser\rendervisualiser\debug\rendervisualiser.res
c:\users\adity\onedrive - bharatividyapeeth\backup\c++\render-pipeline-visualiser\rendervisualiser\debug\tiny_obj_loader.obj
c:\users\adity\onedrive - bharatividyapeeth\backup\c++\render-pipeline-visualiser\debug\rendervisualiser.pdb
c:\users\adity\onedrive - bharatividyapeeth\backup\c++\render-pipeline-visualiser\rendervisualiser\debug\rendervisualiser.tlog\cl.command.1.tlog
c:\users\adity\onedrive - bharatividyapeeth\backup\c++\render-pipeline-visualiser\rendervisualiser\debug\rendervisualiser.tlog\cl.read.1.tlog
c:\users\adity\onedrive - bharatividyapeeth\backup\c++\render-pipeline-visualiser\rendervisualiser\debug\rendervisualiser.tlog\cl.write.1.tlog
c:\users\adity\onedrive - bharatividyapeeth\backup\c++\render-pipeline-visualiser\rendervisualiser\debug\rendervisualiser.tlog\link-cvtres.read.1.tlog
c:\users\adity\onedrive - bharatividyapeeth\backup\c++\render-pipeline-visualiser\rendervisualiser\debug\rendervisualiser.tlog\link-cvtres.write.1.tlog
c:\users\adity\onedrive - bharatividyapeeth\backup\c++\render-pipeline-visualiser\rendervisualiser\debug\rendervisualiser.tlog\link-rc.read.1.tlog
c:\users\adity\onedrive - bharatividyapeeth\backup\c++\render-pipeline-visualiser\rendervisualiser\debug\rendervisualiser.tlog\link-rc.write.1.tlog
c:\users\adity\onedrive - bharatividyapeeth\backup\c++\render-pipeline-visualiser\rendervisualiser\debug\rendervisualiser.tlog\link.command.1.tlog
c:\users\adity\onedrive - bharatividyapeeth\backup\c++\render-pipeline-visualiser\rendervisualiser\debug\rendervisualiser.tlog\link.read.1.tlog
c:\users\adity\onedrive - bharatividyapeeth\backup\c++\render-pipeline-visualiser\rendervisualiser\debug\rendervisualiser.tlog\link.write.1.tlog
c:\users\adity\onedrive - bharatividyapeeth\backup\c++\render-pipeline-visualiser\rendervisualiser\debug\rendervisualiser.tlog\rc.command.1.tlog
c:\users\adity\onedrive - bharatividyapeeth\backup\c++\render-pipeline-visualiser\rendervisualiser\debug\rendervisualiser.tlog\rc.read.1.tlog
c:\users\adity\onedrive - bharatividyapeeth\backup\c++\render-pipeline-visualiser\rendervisualiser\debug\rendervisualiser.tlog\rc.write.1.tlog
